# JRE version: OpenJDK Runtime Environment (11.0.12+7) (build 11.0.12+7-b1504.28-7817840)
# Java VM: OpenJDK 64-Bit Server VM (11.0.12+7-b1504.28-7817840, mixed mode, tiered, compressed oops, g1 gc, windows-amd64)
Heap:
 garbage-first heap   total 131072K, used 66566K [0x0000000080000000, 0x0000000100000000)
  region size 1024K, 14 young (14336K), 4 survivors (4096K)
 Metaspace       used 50365K, capacity 51652K, committed 51840K, reserved 1093632K
  class space    used 6508K, capacity 6986K, committed 7040K, reserved 1048576K
GC Heap History (20 events):
Event: 11.019 GC heap before
{Heap before GC invocations=1 (full 0):
 garbage-first heap   total 131072K, used 20331K [0x0000000080000000, 0x0000000100000000)
  region size 1024K, 14 young (14336K), 2 survivors (2048K)
 Metaspace       used 10333K, capacity 10613K, committed 10880K, reserved 1058816K
  class space    used 1074K, capacity 1139K, committed 1152K, reserved 1048576K
}
Event: 11.029 GC heap after
{Heap after GC invocations=2 (full 0):
 garbage-first heap   total 131072K, used 9916K [0x0000000080000000, 0x0000000100000000)
  region size 1024K, 2 young (2048K), 2 survivors (2048K)
 Metaspace       used 10333K, capacity 10613K, committed 10880K, reserved 1058816K
  class space    used 1074K, capacity 1139K, committed 1152K, reserved 1048576K
}
Event: 13.905 GC heap before
{Heap before GC invocations=2 (full 0):
 garbage-first heap   total 131072K, used 35516K [0x0000000080000000, 0x0000000100000000)
  region size 1024K, 28 young (28672K), 2 survivors (2048K)
 Metaspace       used 11269K, capacity 11504K, committed 11776K, reserved 1060864K
  class space    used 1177K, capacity 1244K, committed 1280K, reserved 1048576K
}
Event: 13.913 GC heap after
{Heap after GC invocations=3 (full 0):
 garbage-first heap   total 131072K, used 11350K [0x0000000080000000, 0x0000000100000000)
  region size 1024K, 4 young (4096K), 4 survivors (4096K)
 Metaspace       used 11269K, capacity 11504K, committed 11776K, reserved 1060864K
  class space    used 1177K, capacity 1244K, committed 1280K, reserved 1048576K
}
Event: 25.492 GC heap before
{Heap before GC invocations=3 (full 0):
 garbage-first heap   total 131072K, used 52310K [0x0000000080000000, 0x0000000100000000)
  region size 1024K, 43 young (44032K), 4 survivors (4096K)
 Metaspace       used 17474K, capacity 17950K, committed 18048K, reserved 1064960K
  class space    used 2017K, capacity 2150K, committed 2176K, reserved 1048576K
}
Event: 25.545 GC heap after
{Heap after GC invocations=4 (full 0):
 garbage-first heap   total 131072K, used 16047K [0x0000000080000000, 0x0000000100000000)
  region size 1024K, 6 young (6144K), 6 survivors (6144K)
 Metaspace       used 17474K, capacity 17950K, committed 18048K, reserved 1064960K
  class space    used 2017K, capacity 2150K, committed 2176K, reserved 1048576K
}
Event: 27.776 GC heap before
{Heap before GC invocations=4 (full 0):
 garbage-first heap   total 131072K, used 47791K [0x0000000080000000, 0x0000000100000000)
  region size 1024K, 38 young (38912K), 6 survivors (6144K)
 Metaspace       used 20648K, capacity 21144K, committed 21248K, reserved 1067008K
  class space    used 2536K, capacity 2727K, committed 2816K, reserved 1048576K
}
Event: 27.794 GC heap after
{Heap after GC invocations=5 (full 0):
 garbage-first heap   total 131072K, used 18009K [0x0000000080000000, 0x0000000100000000)
  region size 1024K, 6 young (6144K), 6 survivors (6144K)
 Metaspace       used 20648K, capacity 21144K, committed 21248K, reserved 1067008K
  class space    used 2536K, capacity 2727K, committed 2816K, reserved 1048576K
}
Event: 33.060 GC heap before
{Heap before GC invocations=6 (full 0):
 garbage-first heap   total 131072K, used 70233K [0x0000000080000000, 0x0000000100000000)
  region size 1024K, 58 young (59392K), 6 survivors (6144K)
 Metaspace       used 26492K, capacity 27116K, committed 27264K, reserved 1073152K
  class space    used 3423K, capacity 3637K, committed 3712K, reserved 1048576K
}
Event: 33.086 GC heap after
{Heap after GC invocations=7 (full 0):
 garbage-first heap   total 131072K, used 19633K [0x0000000080000000, 0x0000000100000000)
  region size 1024K, 4 young (4096K), 4 survivors (4096K)
 Metaspace       used 26492K, capacity 27116K, committed 27264K, reserved 1073152K
  class space    used 3423K, capacity 3637K, committed 3712K, reserved 1048576K
}
Event: 39.411 GC heap before
{Heap before GC invocations=7 (full 0):
 garbage-first heap   total 131072K, used 100529K [0x0000000080000000, 0x0000000100000000)
  region size 1024K, 74 young (75776K), 4 survivors (4096K)
 Metaspace       used 33306K, capacity 34186K, committed 34304K, reserved 1079296K
  class space    used 4492K, capacity 4847K, committed 4864K, reserved 1048576K
}
Event: 39.428 GC heap after
{Heap after GC invocations=8 (full 0):
 garbage-first heap   total 131072K, used 34852K [0x0000000080000000, 0x0000000100000000)
  region size 1024K, 9 young (9216K), 9 survivors (9216K)
 Metaspace       used 33306K, capacity 34186K, committed 34304K, reserved 1079296K
  class space    used 4492K, capacity 4847K, committed 4864K, reserved 1048576K
}
Event: 39.907 GC heap before
{Heap before GC invocations=8 (full 0):
 garbage-first heap   total 131072K, used 42020K [0x0000000080000000, 0x0000000100000000)
  region size 1024K, 17 young (17408K), 9 survivors (9216K)
 Metaspace       used 34756K, capacity 35720K, committed 35840K, reserved 1079296K
  class space    used 4653K, capacity 5017K, committed 5120K, reserved 1048576K
}
Event: 39.931 GC heap after
{Heap after GC invocations=9 (full 0):
 garbage-first heap   total 131072K, used 36877K [0x0000000080000000, 0x0000000100000000)
  region size 1024K, 2 young (2048K), 2 survivors (2048K)
 Metaspace       used 34756K, capacity 35720K, committed 35840K, reserved 1079296K
  class space    used 4653K, capacity 5017K, committed 5120K, reserved 1048576K
}
Event: 42.549 GC heap before
{Heap before GC invocations=10 (full 0):
 garbage-first heap   total 131072K, used 99341K [0x0000000080000000, 0x0000000100000000)
  region size 1024K, 61 young (62464K), 2 survivors (2048K)
 Metaspace       used 42439K, capacity 43444K, committed 43776K, reserved 1087488K
  class space    used 5408K, capacity 5796K, committed 5888K, reserved 1048576K
}
Event: 42.574 GC heap after
{Heap after GC invocations=11 (full 0):
 garbage-first heap   total 131072K, used 41698K [0x0000000080000000, 0x0000000100000000)
  region size 1024K, 7 young (7168K), 7 survivors (7168K)
 Metaspace       used 42439K, capacity 43444K, committed 43776K, reserved 1087488K
  class space    used 5408K, capacity 5796K, committed 5888K, reserved 1048576K
}
Event: 45.014 GC heap before
{Heap before GC invocations=12 (full 0):
 garbage-first heap   total 131072K, used 105186K [0x0000000080000000, 0x0000000100000000)
  region size 1024K, 64 young (65536K), 7 survivors (7168K)
 Metaspace       used 46602K, capacity 47811K, committed 48128K, reserved 1091584K
  class space    used 5893K, capacity 6326K, committed 6400K, reserved 1048576K
}
Event: 45.041 GC heap after
{Heap after GC invocations=13 (full 0):
 garbage-first heap   total 131072K, used 49651K [0x0000000080000000, 0x0000000100000000)
  region size 1024K, 5 young (5120K), 5 survivors (5120K)
 Metaspace       used 46602K, capacity 47811K, committed 48128K, reserved 1091584K
  class space    used 5893K, capacity 6326K, committed 6400K, reserved 1048576K
}
Event: 50.034 GC heap before
{Heap before GC invocations=13 (full 0):
 garbage-first heap   total 131072K, used 106995K [0x0000000080000000, 0x0000000100000000)
  region size 1024K, 57 young (58368K), 5 survivors (5120K)
 Metaspace       used 49716K, capacity 51009K, committed 51200K, reserved 1093632K
  class space    used 6409K, capacity 6879K, committed 6912K, reserved 1048576K
}
Event: 50.084 GC heap after
{Heap after GC invocations=14 (full 0):
 garbage-first heap   total 131072K, used 57350K [0x0000000080000000, 0x0000000100000000)
  region size 1024K, 4 young (4096K), 4 survivors (4096K)
 Metaspace       used 49716K, capacity 51009K, committed 51200K, reserved 1093632K
  class space    used 6409K, capacity 6879K, committed 6912K, reserved 1048576K
}

